Pipeline iniciado em: 2025-09-18 10:37:19
==================================================

--> Executando: limpar_arquivos.py
Iniciando limpeza das pastas de trabalho...
INFO: Pasta 'C:\Users\RT\Documents\cx off\src\..\downloads' limpa com sucesso.
INFO: Pasta 'C:\Users\RT\Documents\cx off\src\..\fotos' limpa com sucesso.
AVISO: Pasta nao encontrada, pulando limpeza: C:\Users\RT\Documents\cx off\src\..\fotos_cortadas
INFO: Limpeza finalizada.
--> Finalizado: limpar_arquivos.py

--> Executando: deletar_fotos_minio.py
AVISO: Nenhum arquivo encontrado no bucket para deletar.
--> Finalizado: deletar_fotos_minio.py

--> Executando: processar_email.py
Traceback (most recent call last):
  File "C:\Users\RT\Documents\cx off\src\processar_email.py", line 58, in processar_email
    print("\u2139\ufe0f  Conectando ao servidor de e-mail...")
  File "C:\Program Files\WindowsApps\PythonSoftwareFoundation.Python.3.11_3.11.2544.0_x64__qbz5n2kfra8p0\Lib\encodings\cp1252.py", line 19, in encode
    return codecs.charmap_encode(input,self.errors,encoding_table)[0]
           ^^^^^^^^^^^^^^^^^^^^^^^^^^^^^^^^^^^^^^^^^^^^^^^^^^^^^^^
UnicodeEncodeError: 'charmap' codec can't encode characters in position 0-1: character maps to <undefined>

During handling of the above exception, another exception occurred:

Traceback (most recent call last):
  File "C:\Users\RT\Documents\cx off\src\processar_email.py", line 102, in <module>
    processar_email()
  File "C:\Users\RT\Documents\cx off\src\processar_email.py", line 94, in processar_email
    print(f"\u274c Erro no processamento do e-mail: {e}")
  File "C:\Program Files\WindowsApps\PythonSoftwareFoundation.Python.3.11_3.11.2544.0_x64__qbz5n2kfra8p0\Lib\encodings\cp1252.py", line 19, in encode
    return codecs.charmap_encode(input,self.errors,encoding_table)[0]
           ^^^^^^^^^^^^^^^^^^^^^^^^^^^^^^^^^^^^^^^^^^^^^^^^^^^^^^^
UnicodeEncodeError: 'charmap' codec can't encode character '\u274c' in position 0: character maps to <undefined>

!!! ERRO FATAL ao executar processar_email.py: O pipeline foi interrompido.
